Skipping malformed kill payload at sequence 96807834.
Skipping malformed kill payload at sequence 96807836.
Skipping malformed kill payload at sequence 96807837.
Skipping malformed kill payload at sequence 96807838.
Skipping malformed kill payload at sequence 96807839.
Skipping malformed kill payload at sequence 96807840.
Skipping malformed kill payload at sequence 96807841.
Skipping malformed kill payload at sequence 96807842.
Skipping malformed kill payload at sequence 96807843.
Skipping malformed kill payload at sequence 96807844.
Skipping malformed kill payload at sequence 96807845.
Skipping malformed kill payload at sequence 96807850.
Skipping malformed kill payload at sequence 96807851.
Skipping malformed kill payload at sequence 96807852.
Skipping malformed kill payload at sequence 96807853.
Skipping malformed kill payload at sequence 96807860.
Skipping malformed kill payload at sequence 96807861.
Skipping malformed kill payload at sequence 96807862.
Skipping malformed kill payload at sequence 96807863.
Skipping malformed kill payload at sequence 96807864.
Skipping malformed kill payload at sequence 96807865.
Skipping malformed kill payload at sequence 96807866.
Skipping malformed kill payload at sequence 96807867.
Skipping malformed kill payload at sequence 96807868.
Skipping malformed kill payload at sequence 96807869.
Skipping malformed kill payload at sequence 96807870.
Skipping malformed kill payload at sequence 96807871.
Skipping malformed kill payload at sequence 96807872.
Skipping malformed kill payload at sequence 96807873.
Skipping malformed kill payload at sequence 96807874.
Skipping malformed kill payload at sequence 96807877.
Skipping malformed kill payload at sequence 96807878.
Skipping malformed kill payload at sequence 96807879.
Skipping malformed kill payload at sequence 96807885.
Skipping malformed kill payload at sequence 96807886.
Skipping malformed kill payload at sequence 96807887.
Skipping malformed kill payload at sequence 96807888.
Skipping malformed kill payload at sequence 96807889.
Skipping malformed kill payload at sequence 96807894.
Skipping malformed kill payload at sequence 96807895.
Skipping malformed kill payload at sequence 96807896.
Skipping malformed kill payload at sequence 96807897.
Skipping malformed kill payload at sequence 96807899.
Skipping malformed kill payload at sequence 96807901.
Skipping malformed kill payload at sequence 96807902.
Skipping malformed kill payload at sequence 96807904.
Skipping malformed kill payload at sequence 96807905.
Skipping malformed kill payload at sequence 96807906.
Skipping malformed kill payload at sequence 96807907.
Skipping malformed kill payload at sequence 96807908.
Skipping malformed kill payload at sequence 96807910.
Skipping malformed kill payload at sequence 96807911.
Skipping malformed kill payload at sequence 96807926.
Skipping malformed kill payload at sequence 96807927.
Skipping malformed kill payload at sequence 96807928.
Skipping malformed kill payload at sequence 96807929.
Skipping malformed kill payload at sequence 96807930.
R2Z2 request failed for sequence 96807939: ENOENT: no such file or directory, rename 'C:\Users\adria\OneDrive\Documents\GitHub\eve-hyte-map\data\r2z2-sequence.json.tmp' -> 'C:\Users\adria\OneDrive\Documents\GitHub\eve-hyte-map\data\r2z2-sequence.json'
R2Z2 request failed for sequence 96807965: ENOENT: no such file or directory, rename 'C:\Users\adria\OneDrive\Documents\GitHub\eve-hyte-map\data\r2z2-sequence.json.tmp' -> 'C:\Users\adria\OneDrive\Documents\GitHub\eve-hyte-map\data\r2z2-sequence.json'
R2Z2 request failed for sequence 96807984: ENOENT: no such file or directory, rename 'C:\Users\adria\OneDrive\Documents\GitHub\eve-hyte-map\data\r2z2-sequence.json.tmp' -> 'C:\Users\adria\OneDrive\Documents\GitHub\eve-hyte-map\data\r2z2-sequence.json'
R2Z2 request failed for sequence 96807988: ENOENT: no such file or directory, rename 'C:\Users\adria\OneDrive\Documents\GitHub\eve-hyte-map\data\r2z2-sequence.json.tmp' -> 'C:\Users\adria\OneDrive\Documents\GitHub\eve-hyte-map\data\r2z2-sequence.json'
R2Z2 request failed for sequence 96808025: ENOENT: no such file or directory, rename 'C:\Users\adria\OneDrive\Documents\GitHub\eve-hyte-map\data\r2z2-sequence.json.tmp' -> 'C:\Users\adria\OneDrive\Documents\GitHub\eve-hyte-map\data\r2z2-sequence.json'
R2Z2 request failed for sequence 96808160: ENOENT: no such file or directory, rename 'C:\Users\adria\OneDrive\Documents\GitHub\eve-hyte-map\data\r2z2-sequence.json.tmp' -> 'C:\Users\adria\OneDrive\Documents\GitHub\eve-hyte-map\data\r2z2-sequence.json'
R2Z2 request failed for sequence 96808218: ENOENT: no such file or directory, rename 'C:\Users\adria\OneDrive\Documents\GitHub\eve-hyte-map\data\r2z2-sequence.json.tmp' -> 'C:\Users\adria\OneDrive\Documents\GitHub\eve-hyte-map\data\r2z2-sequence.json'
R2Z2 request failed for sequence 96808230: ENOENT: no such file or directory, rename 'C:\Users\adria\OneDrive\Documents\GitHub\eve-hyte-map\data\r2z2-sequence.json.tmp' -> 'C:\Users\adria\OneDrive\Documents\GitHub\eve-hyte-map\data\r2z2-sequence.json'
R2Z2 rate-limited sequence 96808238. Backing off.
Unable to initialize R2Z2 sequence state: Request failed for https://r2z2.zkillboard.com/ephemeral/sequence.json with status 429.
Unable to initialize R2Z2 sequence state: Request failed for https://r2z2.zkillboard.com/ephemeral/sequence.json with status 429.
Unable to initialize R2Z2 sequence state: Request failed for https://r2z2.zkillboard.com/ephemeral/sequence.json with status 429.
Unable to initialize R2Z2 sequence state: Request failed for https://r2z2.zkillboard.com/ephemeral/sequence.json with status 429.
Unable to initialize R2Z2 sequence state: Request failed for https://r2z2.zkillboard.com/ephemeral/sequence.json with status 429.
Unable to initialize R2Z2 sequence state: Request failed for https://r2z2.zkillboard.com/ephemeral/sequence.json with status 429.
Unable to initialize R2Z2 sequence state: Request failed for https://r2z2.zkillboard.com/ephemeral/sequence.json with status 429.
Unable to initialize R2Z2 sequence state: Request failed for https://r2z2.zkillboard.com/ephemeral/sequence.json with status 429.
Unable to initialize R2Z2 sequence state: Request failed for https://r2z2.zkillboard.com/ephemeral/sequence.json with status 429.
Unable to initialize R2Z2 sequence state: Request failed for https://r2z2.zkillboard.com/ephemeral/sequence.json with status 429.
Unable to initialize R2Z2 sequence state: Request failed for https://r2z2.zkillboard.com/ephemeral/sequence.json with status 429.
Unable to initialize R2Z2 sequence state: Request failed for https://r2z2.zkillboard.com/ephemeral/sequence.json with status 429.
Unable to initialize R2Z2 sequence state: Request failed for https://r2z2.zkillboard.com/ephemeral/sequence.json with status 429.
Unable to initialize R2Z2 sequence state: Request failed for https://r2z2.zkillboard.com/ephemeral/sequence.json with status 429.
Unable to initialize R2Z2 sequence state: Request failed for https://r2z2.zkillboard.com/ephemeral/sequence.json with status 429.
Unable to initialize R2Z2 sequence state: Request failed for https://r2z2.zkillboard.com/ephemeral/sequence.json with status 429.
Unable to initialize R2Z2 sequence state: Request failed for https://r2z2.zkillboard.com/ephemeral/sequence.json with status 429.
Unable to initialize R2Z2 sequence state: Request failed for https://r2z2.zkillboard.com/ephemeral/sequence.json with status 429.
Unable to initialize R2Z2 sequence state: Request failed for https://r2z2.zkillboard.com/ephemeral/sequence.json with status 429.
Unable to initialize R2Z2 sequence state: Request failed for https://r2z2.zkillboard.com/ephemeral/sequence.json with status 429.
Unable to initialize R2Z2 sequence state: Request failed for https://r2z2.zkillboard.com/ephemeral/sequence.json with status 429.
Unable to initialize R2Z2 sequence state: Request failed for https://r2z2.zkillboard.com/ephemeral/sequence.json with status 429.
Unable to initialize R2Z2 sequence state: Request failed for https://r2z2.zkillboard.com/ephemeral/sequence.json with status 429.
Unable to initialize R2Z2 sequence state: Request failed for https://r2z2.zkillboard.com/ephemeral/sequence.json with status 429.
Unable to initialize R2Z2 sequence state: Request failed for https://r2z2.zkillboard.com/ephemeral/sequence.json with status 429.
Unable to initialize R2Z2 sequence state: Request failed for https://r2z2.zkillboard.com/ephemeral/sequence.json with status 429.
Unable to initialize R2Z2 sequence state: Request failed for https://r2z2.zkillboard.com/ephemeral/sequence.json with status 429.
Unable to initialize R2Z2 sequence state: Request failed for https://r2z2.zkillboard.com/ephemeral/sequence.json with status 429.
Unable to initialize R2Z2 sequence state: Request failed for https://r2z2.zkillboard.com/ephemeral/sequence.json with status 429.
Unable to initialize R2Z2 sequence state: Request failed for https://r2z2.zkillboard.com/ephemeral/sequence.json with status 429.
Unable to initialize R2Z2 sequence state: Request failed for https://r2z2.zkillboard.com/ephemeral/sequence.json with status 429.
Unable to initialize R2Z2 sequence state: Request failed for https://r2z2.zkillboard.com/ephemeral/sequence.json with status 429.
Unable to initialize R2Z2 sequence state: Request failed for https://r2z2.zkillboard.com/ephemeral/sequence.json with status 429.
Unable to initialize R2Z2 sequence state: Request failed for https://r2z2.zkillboard.com/ephemeral/sequence.json with status 429.
Unable to initialize R2Z2 sequence state: Request failed for https://r2z2.zkillboard.com/ephemeral/sequence.json with status 429.
Unable to initialize R2Z2 sequence state: Request failed for https://r2z2.zkillboard.com/ephemeral/sequence.json with status 429.
Unable to initialize R2Z2 sequence state: Request failed for https://r2z2.zkillboard.com/ephemeral/sequence.json with status 429.
Unable to initialize R2Z2 sequence state: Request failed for https://r2z2.zkillboard.com/ephemeral/sequence.json with status 429.
Unable to initialize R2Z2 sequence state: Request failed for https://r2z2.zkillboard.com/ephemeral/sequence.json with status 429.
Unable to initialize R2Z2 sequence state: Request failed for https://r2z2.zkillboard.com/ephemeral/sequence.json with status 429.
Unable to initialize R2Z2 sequence state: Request failed for https://r2z2.zkillboard.com/ephemeral/sequence.json with status 429.
Unable to initialize R2Z2 sequence state: Request failed for https://r2z2.zkillboard.com/ephemeral/sequence.json with status 429.
Unable to initialize R2Z2 sequence state: Request failed for https://r2z2.zkillboard.com/ephemeral/sequence.json with status 429.
Unable to initialize R2Z2 sequence state: Request failed for https://r2z2.zkillboard.com/ephemeral/sequence.json with status 429.
Unable to initialize R2Z2 sequence state: Request failed for https://r2z2.zkillboard.com/ephemeral/sequence.json with status 429.
Unable to initialize R2Z2 sequence state: Request failed for https://r2z2.zkillboard.com/ephemeral/sequence.json with status 429.
Unable to initialize R2Z2 sequence state: Request failed for https://r2z2.zkillboard.com/ephemeral/sequence.json with status 429.
Unable to initialize R2Z2 sequence state: Request failed for https://r2z2.zkillboard.com/ephemeral/sequence.json with status 429.
Unable to initialize R2Z2 sequence state: Request failed for https://r2z2.zkillboard.com/ephemeral/sequence.json with status 429.
Unable to initialize R2Z2 sequence state: Request failed for https://r2z2.zkillboard.com/ephemeral/sequence.json with status 429.
Unable to initialize R2Z2 sequence state: Request failed for https://r2z2.zkillboard.com/ephemeral/sequence.json with status 429.
Unable to initialize R2Z2 sequence state: Request failed for https://r2z2.zkillboard.com/ephemeral/sequence.json with status 429.
Unable to initialize R2Z2 sequence state: Request failed for https://r2z2.zkillboard.com/ephemeral/sequence.json with status 429.
Unable to initialize R2Z2 sequence state: Request failed for https://r2z2.zkillboard.com/ephemeral/sequence.json with status 429.
Unable to initialize R2Z2 sequence state: Request failed for https://r2z2.zkillboard.com/ephemeral/sequence.json with status 429.
Unable to initialize R2Z2 sequence state: Request failed for https://r2z2.zkillboard.com/ephemeral/sequence.json with status 429.
Unable to initialize R2Z2 sequence state: Request failed for https://r2z2.zkillboard.com/ephemeral/sequence.json with status 429.
Unable to initialize R2Z2 sequence state: Request failed for https://r2z2.zkillboard.com/ephemeral/sequence.json with status 429.
Unable to initialize R2Z2 sequence state: Request failed for https://r2z2.zkillboard.com/ephemeral/sequence.json with status 429.
Unable to initialize R2Z2 sequence state: Request failed for https://r2z2.zkillboard.com/ephemeral/sequence.json with status 429.
Unable to initialize R2Z2 sequence state: Request failed for https://r2z2.zkillboard.com/ephemeral/sequence.json with status 429.
Unable to initialize R2Z2 sequence state: Request failed for https://r2z2.zkillboard.com/ephemeral/sequence.json with status 429.
Unable to initialize R2Z2 sequence state: Request failed for https://r2z2.zkillboard.com/ephemeral/sequence.json with status 429.
Unable to initialize R2Z2 sequence state: Request failed for https://r2z2.zkillboard.com/ephemeral/sequence.json with status 429.
Unable to initialize R2Z2 sequence state: Request failed for https://r2z2.zkillboard.com/ephemeral/sequence.json with status 429.
Unable to initialize R2Z2 sequence state: Request failed for https://r2z2.zkillboard.com/ephemeral/sequence.json with status 429.
Unable to initialize R2Z2 sequence state: Request failed for https://r2z2.zkillboard.com/ephemeral/sequence.json with status 429.
Unable to initialize R2Z2 sequence state: Request failed for https://r2z2.zkillboard.com/ephemeral/sequence.json with status 429.
Unable to initialize R2Z2 sequence state: Request failed for https://r2z2.zkillboard.com/ephemeral/sequence.json with status 429.
Unable to initialize R2Z2 sequence state: Request failed for https://r2z2.zkillboard.com/ephemeral/sequence.json with status 429.
Unable to initialize R2Z2 sequence state: Request failed for https://r2z2.zkillboard.com/ephemeral/sequence.json with status 429.
Unable to initialize R2Z2 sequence state: Request failed for https://r2z2.zkillboard.com/ephemeral/sequence.json with status 429.
Unable to initialize R2Z2 sequence state: Request failed for https://r2z2.zkillboard.com/ephemeral/sequence.json with status 429.
Unable to initialize R2Z2 sequence state: Request failed for https://r2z2.zkillboard.com/ephemeral/sequence.json with status 429.
Unable to initialize R2Z2 sequence state: Request failed for https://r2z2.zkillboard.com/ephemeral/sequence.json with status 429.
Unable to initialize R2Z2 sequence state: Request failed for https://r2z2.zkillboard.com/ephemeral/sequence.json with status 429.
Unable to initialize R2Z2 sequence state: Request failed for https://r2z2.zkillboard.com/ephemeral/sequence.json with status 429.
Unable to initialize R2Z2 sequence state: Request failed for https://r2z2.zkillboard.com/ephemeral/sequence.json with status 429.
Unable to initialize R2Z2 sequence state: Request failed for https://r2z2.zkillboard.com/ephemeral/sequence.json with status 429.
Unable to initialize R2Z2 sequence state: Request failed for https://r2z2.zkillboard.com/ephemeral/sequence.json with status 429.
Unable to initialize R2Z2 sequence state: Request failed for https://r2z2.zkillboard.com/ephemeral/sequence.json with status 429.
Unable to initialize R2Z2 sequence state: Request failed for https://r2z2.zkillboard.com/ephemeral/sequence.json with status 429.
Unable to initialize R2Z2 sequence state: Request failed for https://r2z2.zkillboard.com/ephemeral/sequence.json with status 429.
Unable to initialize R2Z2 sequence state: Request failed for https://r2z2.zkillboard.com/ephemeral/sequence.json with status 429.
Unable to initialize R2Z2 sequence state: Request failed for https://r2z2.zkillboard.com/ephemeral/sequence.json with status 429.
Unable to initialize R2Z2 sequence state: Request failed for https://r2z2.zkillboard.com/ephemeral/sequence.json with status 429.
Unable to initialize R2Z2 sequence state: Request failed for https://r2z2.zkillboard.com/ephemeral/sequence.json with status 429.
Unable to initialize R2Z2 sequence state: Request failed for https://r2z2.zkillboard.com/ephemeral/sequence.json with status 429.
Unable to initialize R2Z2 sequence state: Request failed for https://r2z2.zkillboard.com/ephemeral/sequence.json with status 429.
Unable to initialize R2Z2 sequence state: Request failed for https://r2z2.zkillboard.com/ephemeral/sequence.json with status 429.
Unable to initialize R2Z2 sequence state: Request failed for https://r2z2.zkillboard.com/ephemeral/sequence.json with status 429.
Unable to initialize R2Z2 sequence state: Request failed for https://r2z2.zkillboard.com/ephemeral/sequence.json with status 429.
Unable to initialize R2Z2 sequence state: Request failed for https://r2z2.zkillboard.com/ephemeral/sequence.json with status 429.
Unable to initialize R2Z2 sequence state: Request failed for https://r2z2.zkillboard.com/ephemeral/sequence.json with status 429.
Unable to initialize R2Z2 sequence state: Request failed for https://r2z2.zkillboard.com/ephemeral/sequence.json with status 429.
Unable to initialize R2Z2 sequence state: Request failed for https://r2z2.zkillboard.com/ephemeral/sequence.json with status 429.
Unable to initialize R2Z2 sequence state: Request failed for https://r2z2.zkillboard.com/ephemeral/sequence.json with status 429.
Unable to initialize R2Z2 sequence state: Request failed for https://r2z2.zkillboard.com/ephemeral/sequence.json with status 429.
Unable to initialize R2Z2 sequence state: Request failed for https://r2z2.zkillboard.com/ephemeral/sequence.json with status 429.
Unable to initialize R2Z2 sequence state: Request failed for https://r2z2.zkillboard.com/ephemeral/sequence.json with status 429.
Unable to initialize R2Z2 sequence state: Request failed for https://r2z2.zkillboard.com/ephemeral/sequence.json with status 429.
Unable to initialize R2Z2 sequence state: Request failed for https://r2z2.zkillboard.com/ephemeral/sequence.json with status 429.
Unable to initialize R2Z2 sequence state: Request failed for https://r2z2.zkillboard.com/ephemeral/sequence.json with status 429.
Unable to initialize R2Z2 sequence state: Request failed for https://r2z2.zkillboard.com/ephemeral/sequence.json with status 429.
Unable to initialize R2Z2 sequence state: Request failed for https://r2z2.zkillboard.com/ephemeral/sequence.json with status 429.
Unable to initialize R2Z2 sequence state: Request failed for https://r2z2.zkillboard.com/ephemeral/sequence.json with status 429.
Unable to initialize R2Z2 sequence state: Request failed for https://r2z2.zkillboard.com/ephemeral/sequence.json with status 429.
Unable to initialize R2Z2 sequence state: Request failed for https://r2z2.zkillboard.com/ephemeral/sequence.json with status 429.
Unable to initialize R2Z2 sequence state: Request failed for https://r2z2.zkillboard.com/ephemeral/sequence.json with status 429.
Unable to initialize R2Z2 sequence state: Request failed for https://r2z2.zkillboard.com/ephemeral/sequence.json with status 429.
Unable to initialize R2Z2 sequence state: Request failed for https://r2z2.zkillboard.com/ephemeral/sequence.json with status 429.
Unable to initialize R2Z2 sequence state: Request failed for https://r2z2.zkillboard.com/ephemeral/sequence.json with status 429.
Unable to initialize R2Z2 sequence state: Request failed for https://r2z2.zkillboard.com/ephemeral/sequence.json with status 429.
Unable to initialize R2Z2 sequence state: Request failed for https://r2z2.zkillboard.com/ephemeral/sequence.json with status 429.
Unable to initialize R2Z2 sequence state: Request failed for https://r2z2.zkillboard.com/ephemeral/sequence.json with status 429.
Unable to initialize R2Z2 sequence state: Request failed for https://r2z2.zkillboard.com/ephemeral/sequence.json with status 429.
Unable to initialize R2Z2 sequence state: Request failed for https://r2z2.zkillboard.com/ephemeral/sequence.json with status 429.
Unable to initialize R2Z2 sequence state: Request failed for https://r2z2.zkillboard.com/ephemeral/sequence.json with status 429.
Unable to initialize R2Z2 sequence state: Request failed for https://r2z2.zkillboard.com/ephemeral/sequence.json with status 429.
Unable to initialize R2Z2 sequence state: Request failed for https://r2z2.zkillboard.com/ephemeral/sequence.json with status 429.
Unable to initialize R2Z2 sequence state: Request failed for https://r2z2.zkillboard.com/ephemeral/sequence.json with status 429.
Unable to initialize R2Z2 sequence state: Request failed for https://r2z2.zkillboard.com/ephemeral/sequence.json with status 429.
Unable to initialize R2Z2 sequence state: Request failed for https://r2z2.zkillboard.com/ephemeral/sequence.json with status 429.
Unable to initialize R2Z2 sequence state: Request failed for https://r2z2.zkillboard.com/ephemeral/sequence.json with status 429.
Unable to initialize R2Z2 sequence state: Request failed for https://r2z2.zkillboard.com/ephemeral/sequence.json with status 429.
Unable to initialize R2Z2 sequence state: Request failed for https://r2z2.zkillboard.com/ephemeral/sequence.json with status 429.
Unable to initialize R2Z2 sequence state: Request failed for https://r2z2.zkillboard.com/ephemeral/sequence.json with status 429.
Unable to initialize R2Z2 sequence state: Request failed for https://r2z2.zkillboard.com/ephemeral/sequence.json with status 429.
Unable to initialize R2Z2 sequence state: Request failed for https://r2z2.zkillboard.com/ephemeral/sequence.json with status 429.
Unable to initialize R2Z2 sequence state: Request failed for https://r2z2.zkillboard.com/ephemeral/sequence.json with status 429.
Unable to initialize R2Z2 sequence state: Request failed for https://r2z2.zkillboard.com/ephemeral/sequence.json with status 429.
Unable to initialize R2Z2 sequence state: Request failed for https://r2z2.zkillboard.com/ephemeral/sequence.json with status 429.
Unable to initialize R2Z2 sequence state: Request failed for https://r2z2.zkillboard.com/ephemeral/sequence.json with status 429.
Unable to initialize R2Z2 sequence state: Request failed for https://r2z2.zkillboard.com/ephemeral/sequence.json with status 429.
Unable to initialize R2Z2 sequence state: Request failed for https://r2z2.zkillboard.com/ephemeral/sequence.json with status 429.
Unable to initialize R2Z2 sequence state: Request failed for https://r2z2.zkillboard.com/ephemeral/sequence.json with status 429.
Unable to initialize R2Z2 sequence state: Request failed for https://r2z2.zkillboard.com/ephemeral/sequence.json with status 429.
Unable to initialize R2Z2 sequence state: Request failed for https://r2z2.zkillboard.com/ephemeral/sequence.json with status 429.
Unable to initialize R2Z2 sequence state: Request failed for https://r2z2.zkillboard.com/ephemeral/sequence.json with status 429.
Unable to initialize R2Z2 sequence state: Request failed for https://r2z2.zkillboard.com/ephemeral/sequence.json with status 429.
Unable to initialize R2Z2 sequence state: Request failed for https://r2z2.zkillboard.com/ephemeral/sequence.json with status 429.
Unable to initialize R2Z2 sequence state: Request failed for https://r2z2.zkillboard.com/ephemeral/sequence.json with status 429.
Unable to initialize R2Z2 sequence state: Request failed for https://r2z2.zkillboard.com/ephemeral/sequence.json with status 429.
Unable to initialize R2Z2 sequence state: Request failed for https://r2z2.zkillboard.com/ephemeral/sequence.json with status 429.
Unable to initialize R2Z2 sequence state: Request failed for https://r2z2.zkillboard.com/ephemeral/sequence.json with status 429.
Unable to initialize R2Z2 sequence state: Request failed for https://r2z2.zkillboard.com/ephemeral/sequence.json with status 429.
Unable to initialize R2Z2 sequence state: Request failed for https://r2z2.zkillboard.com/ephemeral/sequence.json with status 429.
Unable to initialize R2Z2 sequence state: Request failed for https://r2z2.zkillboard.com/ephemeral/sequence.json with status 429.
Unable to initialize R2Z2 sequence state: Request failed for https://r2z2.zkillboard.com/ephemeral/sequence.json with status 429.
Unable to initialize R2Z2 sequence state: Request failed for https://r2z2.zkillboard.com/ephemeral/sequence.json with status 429.
Unable to initialize R2Z2 sequence state: Request failed for https://r2z2.zkillboard.com/ephemeral/sequence.json with status 429.
Unable to initialize R2Z2 sequence state: Request failed for https://r2z2.zkillboard.com/ephemeral/sequence.json with status 429.
Unable to initialize R2Z2 sequence state: Request failed for https://r2z2.zkillboard.com/ephemeral/sequence.json with status 429.
Unable to initialize R2Z2 sequence state: Request failed for https://r2z2.zkillboard.com/ephemeral/sequence.json with status 429.
Unable to initialize R2Z2 sequence state: Request failed for https://r2z2.zkillboard.com/ephemeral/sequence.json with status 429.
Unable to initialize R2Z2 sequence state: Request failed for https://r2z2.zkillboard.com/ephemeral/sequence.json with status 429.
Unable to initialize R2Z2 sequence state: Request failed for https://r2z2.zkillboard.com/ephemeral/sequence.json with status 429.
Unable to initialize R2Z2 sequence state: Request failed for https://r2z2.zkillboard.com/ephemeral/sequence.json with status 429.
Unable to initialize R2Z2 sequence state: Request failed for https://r2z2.zkillboard.com/ephemeral/sequence.json with status 429.
Unable to initialize R2Z2 sequence state: Request failed for https://r2z2.zkillboard.com/ephemeral/sequence.json with status 429.
Unable to initialize R2Z2 sequence state: Request failed for https://r2z2.zkillboard.com/ephemeral/sequence.json with status 429.
Unable to initialize R2Z2 sequence state: Request failed for https://r2z2.zkillboard.com/ephemeral/sequence.json with status 429.
Unable to initialize R2Z2 sequence state: Request failed for https://r2z2.zkillboard.com/ephemeral/sequence.json with status 429.
R2Z2 rate-limited sequence 96808319. Backing off.
Unable to initialize R2Z2 sequence state: Request failed for https://r2z2.zkillboard.com/ephemeral/sequence.json with status 429.
Unable to initialize R2Z2 sequence state: Request failed for https://r2z2.zkillboard.com/ephemeral/sequence.json with status 429.
Unable to initialize R2Z2 sequence state: Request failed for https://r2z2.zkillboard.com/ephemeral/sequence.json with status 429.
Unable to initialize R2Z2 sequence state: Request failed for https://r2z2.zkillboard.com/ephemeral/sequence.json with status 429.
Unable to initialize R2Z2 sequence state: Request failed for https://r2z2.zkillboard.com/ephemeral/sequence.json with status 429.
Unable to initialize R2Z2 sequence state: Request failed for https://r2z2.zkillboard.com/ephemeral/sequence.json with status 429.
Unable to initialize R2Z2 sequence state: Request failed for https://r2z2.zkillboard.com/ephemeral/sequence.json with status 429.
Unable to initialize R2Z2 sequence state: Request failed for https://r2z2.zkillboard.com/ephemeral/sequence.json with status 429.
Unable to initialize R2Z2 sequence state: Request failed for https://r2z2.zkillboard.com/ephemeral/sequence.json with status 429.
node:internal/modules/esm/resolve:275
    throw new ERR_MODULE_NOT_FOUND(
          ^

Error [ERR_MODULE_NOT_FOUND]: Cannot find module 'C:\Users\adria\OneDrive\Documents\GitHub\eve-hyte-map\src\server\mockKills.js' imported from C:\Users\adria\OneDrive\Documents\GitHub\eve-hyte-map\src\server\index.js
    at finalizeResolution (node:internal/modules/esm/resolve:275:11)
    at moduleResolve (node:internal/modules/esm/resolve:932:10)
    at defaultResolve (node:internal/modules/esm/resolve:1056:11)
    at ModuleLoader.defaultResolve (node:internal/modules/esm/loader:654:12)
    at #cachedDefaultResolve (node:internal/modules/esm/loader:603:25)
    at ModuleLoader.resolve (node:internal/modules/esm/loader:586:38)
    at ModuleLoader.getModuleJobForImport (node:internal/modules/esm/loader:242:38)
    at ModuleJob._link (node:internal/modules/esm/module_job:135:49) {
  code: 'ERR_MODULE_NOT_FOUND',
  url: 'file:///C:/Users/adria/OneDrive/Documents/GitHub/eve-hyte-map/src/server/mockKills.js'
}

Node.js v22.12.0
node:internal/modules/esm/resolve:275
    throw new ERR_MODULE_NOT_FOUND(
          ^

Error [ERR_MODULE_NOT_FOUND]: Cannot find module 'C:\Users\adria\OneDrive\Documents\GitHub\eve-hyte-map\src\server\mockKills.js' imported from C:\Users\adria\OneDrive\Documents\GitHub\eve-hyte-map\src\server\index.js
    at finalizeResolution (node:internal/modules/esm/resolve:275:11)
    at moduleResolve (node:internal/modules/esm/resolve:932:10)
    at defaultResolve (node:internal/modules/esm/resolve:1056:11)
    at ModuleLoader.defaultResolve (node:internal/modules/esm/loader:654:12)
    at #cachedDefaultResolve (node:internal/modules/esm/loader:603:25)
    at ModuleLoader.resolve (node:internal/modules/esm/loader:586:38)
    at ModuleLoader.getModuleJobForImport (node:internal/modules/esm/loader:242:38)
    at ModuleJob._link (node:internal/modules/esm/module_job:135:49) {
  code: 'ERR_MODULE_NOT_FOUND',
  url: 'file:///C:/Users/adria/OneDrive/Documents/GitHub/eve-hyte-map/src/server/mockKills.js'
}

Node.js v22.12.0
Unable to initialize R2Z2 sequence state: Request failed for https://r2z2.zkillboard.com/ephemeral/sequence.json with status 429.
Unable to initialize R2Z2 sequence state: Request failed for https://r2z2.zkillboard.com/ephemeral/sequence.json with status 429.
Unable to initialize R2Z2 sequence state: Request failed for https://r2z2.zkillboard.com/ephemeral/sequence.json with status 429.
Unable to initialize R2Z2 sequence state: Request failed for https://r2z2.zkillboard.com/ephemeral/sequence.json with status 429.
Unable to initialize R2Z2 sequence state: Request failed for https://r2z2.zkillboard.com/ephemeral/sequence.json with status 429.
Unable to initialize R2Z2 sequence state: Request failed for https://r2z2.zkillboard.com/ephemeral/sequence.json with status 429.
Unable to initialize R2Z2 sequence state: Request failed for https://r2z2.zkillboard.com/ephemeral/sequence.json with status 429.
Unable to initialize R2Z2 sequence state: Request failed for https://r2z2.zkillboard.com/ephemeral/sequence.json with status 429.
Unable to initialize R2Z2 sequence state: Request failed for https://r2z2.zkillboard.com/ephemeral/sequence.json with status 429.
Unable to initialize R2Z2 sequence state: Request failed for https://r2z2.zkillboard.com/ephemeral/sequence.json with status 429.
Unable to initialize R2Z2 sequence state: Request failed for https://r2z2.zkillboard.com/ephemeral/sequence.json with status 429.
Unable to initialize R2Z2 sequence state: Request failed for https://r2z2.zkillboard.com/ephemeral/sequence.json with status 429.
Unable to initialize R2Z2 sequence state: Request failed for https://r2z2.zkillboard.com/ephemeral/sequence.json with status 429.
Unable to initialize R2Z2 sequence state: Request failed for https://r2z2.zkillboard.com/ephemeral/sequence.json with status 429.
Unable to initialize R2Z2 sequence state: Request failed for https://r2z2.zkillboard.com/ephemeral/sequence.json with status 429.
Unable to initialize R2Z2 sequence state: Request failed for https://r2z2.zkillboard.com/ephemeral/sequence.json with status 429.
Unable to initialize R2Z2 sequence state: Request failed for https://r2z2.zkillboard.com/ephemeral/sequence.json with status 429.
Unable to initialize R2Z2 sequence state: Request failed for https://r2z2.zkillboard.com/ephemeral/sequence.json with status 429.
Unable to initialize R2Z2 sequence state: Request failed for https://r2z2.zkillboard.com/ephemeral/sequence.json with status 429.
Unable to initialize R2Z2 sequence state: Request failed for https://r2z2.zkillboard.com/ephemeral/sequence.json with status 429.
Unable to initialize R2Z2 sequence state: Request failed for https://r2z2.zkillboard.com/ephemeral/sequence.json with status 429.
Unable to initialize R2Z2 sequence state: Request failed for https://r2z2.zkillboard.com/ephemeral/sequence.json with status 429.
Unable to initialize R2Z2 sequence state: Request failed for https://r2z2.zkillboard.com/ephemeral/sequence.json with status 429.
Unable to initialize R2Z2 sequence state: Request failed for https://r2z2.zkillboard.com/ephemeral/sequence.json with status 429.
Unable to initialize R2Z2 sequence state: Request failed for https://r2z2.zkillboard.com/ephemeral/sequence.json with status 429.
Unable to initialize R2Z2 sequence state: Request failed for https://r2z2.zkillboard.com/ephemeral/sequence.json with status 429.
Unable to initialize R2Z2 sequence state: Request failed for https://r2z2.zkillboard.com/ephemeral/sequence.json with status 429.
Unable to initialize R2Z2 sequence state: Request failed for https://r2z2.zkillboard.com/ephemeral/sequence.json with status 429.
Unable to initialize R2Z2 sequence state: Request failed for https://r2z2.zkillboard.com/ephemeral/sequence.json with status 429.
Unable to initialize R2Z2 sequence state: Request failed for https://r2z2.zkillboard.com/ephemeral/sequence.json with status 429.
Unable to initialize R2Z2 sequence state: Request failed for https://r2z2.zkillboard.com/ephemeral/sequence.json with status 429.
Unable to initialize R2Z2 sequence state: Request failed for https://r2z2.zkillboard.com/ephemeral/sequence.json with status 429.
Unable to initialize R2Z2 sequence state: Request failed for https://r2z2.zkillboard.com/ephemeral/sequence.json with status 429.
Unable to initialize R2Z2 sequence state: Request failed for https://r2z2.zkillboard.com/ephemeral/sequence.json with status 429.
Unable to initialize R2Z2 sequence state: Request failed for https://r2z2.zkillboard.com/ephemeral/sequence.json with status 429.
Unable to initialize R2Z2 sequence state: Request failed for https://r2z2.zkillboard.com/ephemeral/sequence.json with status 429.
Unable to initialize R2Z2 sequence state: Request failed for https://r2z2.zkillboard.com/ephemeral/sequence.json with status 429.
Unable to initialize R2Z2 sequence state: Request failed for https://r2z2.zkillboard.com/ephemeral/sequence.json with status 429.
Unable to initialize R2Z2 sequence state: Request failed for https://r2z2.zkillboard.com/ephemeral/sequence.json with status 429.
Unable to initialize R2Z2 sequence state: Request failed for https://r2z2.zkillboard.com/ephemeral/sequence.json with status 429.
Unable to initialize R2Z2 sequence state: Request failed for https://r2z2.zkillboard.com/ephemeral/sequence.json with status 429.
Unable to initialize R2Z2 sequence state: Request failed for https://r2z2.zkillboard.com/ephemeral/sequence.json with status 429.
Unable to initialize R2Z2 sequence state: Request failed for https://r2z2.zkillboard.com/ephemeral/sequence.json with status 429.
Unable to initialize R2Z2 sequence state: Request failed for https://r2z2.zkillboard.com/ephemeral/sequence.json with status 429.
Unable to initialize R2Z2 sequence state: Request failed for https://r2z2.zkillboard.com/ephemeral/sequence.json with status 429.
Unable to initialize R2Z2 sequence state: Request failed for https://r2z2.zkillboard.com/ephemeral/sequence.json with status 429.
Unable to initialize R2Z2 sequence state: Request failed for https://r2z2.zkillboard.com/ephemeral/sequence.json with status 429.
Unable to initialize R2Z2 sequence state: Request failed for https://r2z2.zkillboard.com/ephemeral/sequence.json with status 429.
Unable to initialize R2Z2 sequence state: Request failed for https://r2z2.zkillboard.com/ephemeral/sequence.json with status 429.
Unable to initialize R2Z2 sequence state: Request failed for https://r2z2.zkillboard.com/ephemeral/sequence.json with status 429.
Unable to initialize R2Z2 sequence state: Request failed for https://r2z2.zkillboard.com/ephemeral/sequence.json with status 429.
Unable to initialize R2Z2 sequence state: Request failed for https://r2z2.zkillboard.com/ephemeral/sequence.json with status 429.
Unable to initialize R2Z2 sequence state: Request failed for https://r2z2.zkillboard.com/ephemeral/sequence.json with status 429.
Unable to initialize R2Z2 sequence state: Request failed for https://r2z2.zkillboard.com/ephemeral/sequence.json with status 429.
Unable to initialize R2Z2 sequence state: Request failed for https://r2z2.zkillboard.com/ephemeral/sequence.json with status 429.
Unable to initialize R2Z2 sequence state: Request failed for https://r2z2.zkillboard.com/ephemeral/sequence.json with status 429.
Unable to initialize R2Z2 sequence state: Request failed for https://r2z2.zkillboard.com/ephemeral/sequence.json with status 429.
Unable to initialize R2Z2 sequence state: Request failed for https://r2z2.zkillboard.com/ephemeral/sequence.json with status 429.
Unable to initialize R2Z2 sequence state: Request failed for https://r2z2.zkillboard.com/ephemeral/sequence.json with status 429.
Unable to initialize R2Z2 sequence state: Request failed for https://r2z2.zkillboard.com/ephemeral/sequence.json with status 429.
Unable to initialize R2Z2 sequence state: Request failed for https://r2z2.zkillboard.com/ephemeral/sequence.json with status 429.
Unable to initialize R2Z2 sequence state: Request failed for https://r2z2.zkillboard.com/ephemeral/sequence.json with status 429.
Unable to initialize R2Z2 sequence state: Request failed for https://r2z2.zkillboard.com/ephemeral/sequence.json with status 429.
Unable to initialize R2Z2 sequence state: Request failed for https://r2z2.zkillboard.com/ephemeral/sequence.json with status 429.
Unable to initialize R2Z2 sequence state: Request failed for https://r2z2.zkillboard.com/ephemeral/sequence.json with status 429.
Unable to initialize R2Z2 sequence state: Request failed for https://r2z2.zkillboard.com/ephemeral/sequence.json with status 429.
Unable to initialize R2Z2 sequence state: Request failed for https://r2z2.zkillboard.com/ephemeral/sequence.json with status 429.
Unable to initialize R2Z2 sequence state: Request failed for https://r2z2.zkillboard.com/ephemeral/sequence.json with status 429.
Unable to initialize R2Z2 sequence state: Request failed for https://r2z2.zkillboard.com/ephemeral/sequence.json with status 429.
Unable to initialize R2Z2 sequence state: Request failed for https://r2z2.zkillboard.com/ephemeral/sequence.json with status 429.
Unable to initialize R2Z2 sequence state: Request failed for https://r2z2.zkillboard.com/ephemeral/sequence.json with status 429.
Unable to initialize R2Z2 sequence state: Request failed for https://r2z2.zkillboard.com/ephemeral/sequence.json with status 429.
Unable to initialize R2Z2 sequence state: Request failed for https://r2z2.zkillboard.com/ephemeral/sequence.json with status 429.
Unable to initialize R2Z2 sequence state: Request failed for https://r2z2.zkillboard.com/ephemeral/sequence.json with status 429.
Unable to initialize R2Z2 sequence state: Request failed for https://r2z2.zkillboard.com/ephemeral/sequence.json with status 429.
Unable to initialize R2Z2 sequence state: Request failed for https://r2z2.zkillboard.com/ephemeral/sequence.json with status 429.
Unable to initialize R2Z2 sequence state: Request failed for https://r2z2.zkillboard.com/ephemeral/sequence.json with status 429.
Unable to initialize R2Z2 sequence state: Request failed for https://r2z2.zkillboard.com/ephemeral/sequence.json with status 429.
Unable to initialize R2Z2 sequence state: Request failed for https://r2z2.zkillboard.com/ephemeral/sequence.json with status 429.
Unable to initialize R2Z2 sequence state: Request failed for https://r2z2.zkillboard.com/ephemeral/sequence.json with status 429.
Unable to initialize R2Z2 sequence state: Request failed for https://r2z2.zkillboard.com/ephemeral/sequence.json with status 429.
Unable to initialize R2Z2 sequence state: Request failed for https://r2z2.zkillboard.com/ephemeral/sequence.json with status 429.
Unable to initialize R2Z2 sequence state: Request failed for https://r2z2.zkillboard.com/ephemeral/sequence.json with status 429.
Unable to initialize R2Z2 sequence state: Request failed for https://r2z2.zkillboard.com/ephemeral/sequence.json with status 429.
Unable to initialize R2Z2 sequence state: Request failed for https://r2z2.zkillboard.com/ephemeral/sequence.json with status 429.
Unable to initialize R2Z2 sequence state: Request failed for https://r2z2.zkillboard.com/ephemeral/sequence.json with status 429.
R2Z2 request failed for sequence 96808394: ENOENT: no such file or directory, rename 'C:\Users\adria\OneDrive\Documents\GitHub\eve-hyte-map\data\r2z2-sequence.json.tmp' -> 'C:\Users\adria\OneDrive\Documents\GitHub\eve-hyte-map\data\r2z2-sequence.json'
R2Z2 rate-limited sequence 96808406. Backing off.
Unable to initialize R2Z2 sequence state: Request failed for https://r2z2.zkillboard.com/ephemeral/sequence.json with status 429.
Unable to initialize R2Z2 sequence state: Request failed for https://r2z2.zkillboard.com/ephemeral/sequence.json with status 429.
^C