
> eve-hyte-map@1.0.0 watch
> node --watch --watch-preserve-output --watch-path=src --watch-path=config --watch-path=data src/server/index.js

eve-hyte-map listening on http://localhost:3000
Resuming R2Z2 from saved next sequence 96807834.
Restarting 'src/server/index.js'
eve-hyte-map listening on http://localhost:3000
Resuming R2Z2 from saved next sequence 96807835.
Restarting 'src/server/index.js'
eve-hyte-map listening on http://localhost:3000
Resuming R2Z2 from saved next sequence 96807836.
Restarting 'src/server/index.js'
eve-hyte-map listening on http://localhost:3000
Resuming R2Z2 from saved next sequence 96807836.
Restarting 'src/server/index.js'
eve-hyte-map listening on http://localhost:3000
Resuming R2Z2 from saved next sequence 96807838.
Restarting 'src/server/index.js'
eve-hyte-map listening on http://localhost:3000
Resuming R2Z2 from saved next sequence 96807846.
Restarting 'src/server/index.js'
eve-hyte-map listening on http://localhost:3000
Resuming R2Z2 from saved next sequence 96807850.
Restarting 'src/server/index.js'
eve-hyte-map listening on http://localhost:3000
Resuming R2Z2 from saved next sequence 96807854.
Restarting 'src/server/index.js'
eve-hyte-map listening on http://localhost:3000
Resuming R2Z2 from saved next sequence 96807857.
Restarting 'src/server/index.js'
eve-hyte-map listening on http://localhost:3000
Resuming R2Z2 from saved next sequence 96807858.
Restarting 'src/server/index.js'
eve-hyte-map listening on http://localhost:3000
Restarting 'src/server/index.js'
eve-hyte-map listening on http://localhost:3000
Resuming R2Z2 from saved next sequence 96807860.
Restarting 'src/server/index.js'
eve-hyte-map listening on http://localhost:3000
Resuming R2Z2 from saved next sequence 96807867.
Restarting 'src/server/index.js'
eve-hyte-map listening on http://localhost:3000
Resuming R2Z2 from saved next sequence 96807867.
Restarting 'src/server/index.js'
eve-hyte-map listening on http://localhost:3000
Resuming R2Z2 from saved next sequence 96807873.
Restarting 'src/server/index.js'
eve-hyte-map listening on http://localhost:3000
Resuming R2Z2 from saved next sequence 96807873.
Restarting 'src/server/index.js'
eve-hyte-map listening on http://localhost:3000
Resuming R2Z2 from saved next sequence 96807875.
Restarting 'src/server/index.js'
eve-hyte-map listening on http://localhost:3000
Resuming R2Z2 from saved next sequence 96807875.
Restarting 'src/server/index.js'
eve-hyte-map listening on http://localhost:3000
Resuming R2Z2 from saved next sequence 96807877.
Restarting 'src/server/index.js'
eve-hyte-map listening on http://localhost:3000
Resuming R2Z2 from saved next sequence 96807877.
Restarting 'src/server/index.js'
eve-hyte-map listening on http://localhost:3000
Resuming R2Z2 from saved next sequence 96807880.
Restarting 'src/server/index.js'
eve-hyte-map listening on http://localhost:3000
Resuming R2Z2 from saved next sequence 96807882.
Restarting 'src/server/index.js'
eve-hyte-map listening on http://localhost:3000
Resuming R2Z2 from saved next sequence 96807883.
Restarting 'src/server/index.js'
eve-hyte-map listening on http://localhost:3000
Resuming R2Z2 from saved next sequence 96807885.
Restarting 'src/server/index.js'
eve-hyte-map listening on http://localhost:3000
Resuming R2Z2 from saved next sequence 96807890.
Restarting 'src/server/index.js'
eve-hyte-map listening on http://localhost:3000
Resuming R2Z2 from saved next sequence 96807891.
Restarting 'src/server/index.js'
eve-hyte-map listening on http://localhost:3000
Resuming R2Z2 from saved next sequence 96807892.
Restarting 'src/server/index.js'
eve-hyte-map listening on http://localhost:3000
Resuming R2Z2 from saved next sequence 96807894.
Restarting 'src/server/index.js'
eve-hyte-map listening on http://localhost:3000
Resuming R2Z2 from saved next sequence 96807895.
Restarting 'src/server/index.js'
eve-hyte-map listening on http://localhost:3000
Resuming R2Z2 from saved next sequence 96807896.
Restarting 'src/server/index.js'
eve-hyte-map listening on http://localhost:3000
Resuming R2Z2 from saved next sequence 96807899.
Restarting 'src/server/index.js'
eve-hyte-map listening on http://localhost:3000
Resuming R2Z2 from saved next sequence 96807900.
Restarting 'src/server/index.js'
eve-hyte-map listening on http://localhost:3000
Resuming R2Z2 from saved next sequence 96807901.
Restarting 'src/server/index.js'
eve-hyte-map listening on http://localhost:3000
Resuming R2Z2 from saved next sequence 96807901.
Restarting 'src/server/index.js'
eve-hyte-map listening on http://localhost:3000
Resuming R2Z2 from saved next sequence 96807902.
Restarting 'src/server/index.js'
eve-hyte-map listening on http://localhost:3000
Resuming R2Z2 from saved next sequence 96807903.
Restarting 'src/server/index.js'
eve-hyte-map listening on http://localhost:3000
Resuming R2Z2 from saved next sequence 96807904.
Restarting 'src/server/index.js'
eve-hyte-map listening on http://localhost:3000
Resuming R2Z2 from saved next sequence 96807908.
Restarting 'src/server/index.js'
eve-hyte-map listening on http://localhost:3000
Resuming R2Z2 from saved next sequence 96807908.
Restarting 'src/server/index.js'
eve-hyte-map listening on http://localhost:3000
Resuming R2Z2 from saved next sequence 96807909.
Restarting 'src/server/index.js'
eve-hyte-map listening on http://localhost:3000
Resuming R2Z2 from saved next sequence 96807909.
Restarting 'src/server/index.js'
eve-hyte-map listening on http://localhost:3000
Resuming R2Z2 from saved next sequence 96807910.
Restarting 'src/server/index.js'
eve-hyte-map listening on http://localhost:3000
Resuming R2Z2 from saved next sequence 96807912.
Restarting 'src/server/index.js'
eve-hyte-map listening on http://localhost:3000
Resuming R2Z2 from saved next sequence 96807913.
Restarting 'src/server/index.js'
eve-hyte-map listening on http://localhost:3000
Restarting 'src/server/index.js'
eve-hyte-map listening on http://localhost:3000
Resuming R2Z2 from saved next sequence 96807915.
Restarting 'src/server/index.js'
eve-hyte-map listening on http://localhost:3000
Resuming R2Z2 from saved next sequence 96807916.
Restarting 'src/server/index.js'
eve-hyte-map listening on http://localhost:3000
Resuming R2Z2 from saved next sequence 96807918.
Restarting 'src/server/index.js'
eve-hyte-map listening on http://localhost:3000
Resuming R2Z2 from saved next sequence 96807920.
Restarting 'src/server/index.js'
eve-hyte-map listening on http://localhost:3000
Resuming R2Z2 from saved next sequence 96807921.
Restarting 'src/server/index.js'
eve-hyte-map listening on http://localhost:3000
Resuming R2Z2 from saved next sequence 96807923.
Restarting 'src/server/index.js'
eve-hyte-map listening on http://localhost:3000
Resuming R2Z2 from saved next sequence 96807924.
Restarting 'src/server/index.js'
eve-hyte-map listening on http://localhost:3000
Resuming R2Z2 from saved next sequence 96807925.
Restarting 'src/server/index.js'
eve-hyte-map listening on http://localhost:3000
Resuming R2Z2 from saved next sequence 96807926.
Restarting 'src/server/index.js'
eve-hyte-map listening on http://localhost:3000
Resuming R2Z2 from saved next sequence 96807931.
Restarting 'src/server/index.js'
eve-hyte-map listening on http://localhost:3000
Resuming R2Z2 from saved next sequence 96807932.
Restarting 'src/server/index.js'
eve-hyte-map listening on http://localhost:3000
Resuming R2Z2 from saved next sequence 96807932.
Restarting 'src/server/index.js'
eve-hyte-map listening on http://localhost:3000
Resuming R2Z2 from saved next sequence 96807935.
Restarting 'src/server/index.js'
eve-hyte-map listening on http://localhost:3000
Resuming R2Z2 from saved next sequence 96807936.
Restarting 'src/server/index.js'
eve-hyte-map listening on http://localhost:3000
Resuming R2Z2 from saved next sequence 96807936.
Restarting 'src/server/index.js'
eve-hyte-map listening on http://localhost:3000
Resuming R2Z2 from saved next sequence 96807960.
Restarting 'src/server/index.js'
eve-hyte-map listening on http://localhost:3000
Resuming R2Z2 from saved next sequence 96807961.
Restarting 'src/server/index.js'
eve-hyte-map listening on http://localhost:3000
Resuming R2Z2 from saved next sequence 96807963.
Restarting 'src/server/index.js'
eve-hyte-map listening on http://localhost:3000
Resuming R2Z2 from saved next sequence 96807963.
Restarting 'src/server/index.js'
eve-hyte-map listening on http://localhost:3000
Resuming R2Z2 from saved next sequence 96807963.
Restarting 'src/server/index.js'
eve-hyte-map listening on http://localhost:3000
Resuming R2Z2 from saved next sequence 96807963.
Restarting 'src/server/index.js'
eve-hyte-map listening on http://localhost:3000
Resuming R2Z2 from saved next sequence 96807965.
Restarting 'src/server/index.js'
eve-hyte-map listening on http://localhost:3000
Resuming R2Z2 from saved next sequence 96807964.
Restarting 'src/server/index.js'
eve-hyte-map listening on http://localhost:3000
Resuming R2Z2 from saved next sequence 96807966.
Restarting 'src/server/index.js'
eve-hyte-map listening on http://localhost:3000
Resuming R2Z2 from saved next sequence 96807966.
Restarting 'src/server/index.js'
eve-hyte-map listening on http://localhost:3000
Resuming R2Z2 from saved next sequence 96807968.
Restarting 'src/server/index.js'
eve-hyte-map listening on http://localhost:3000
Restarting 'src/server/index.js'
eve-hyte-map listening on http://localhost:3000
Resuming R2Z2 from saved next sequence 96807969.
Restarting 'src/server/index.js'
eve-hyte-map listening on http://localhost:3000
Resuming R2Z2 from saved next sequence 96807971.
Restarting 'src/server/index.js'
eve-hyte-map listening on http://localhost:3000
Resuming R2Z2 from saved next sequence 96807971.
Restarting 'src/server/index.js'
eve-hyte-map listening on http://localhost:3000
Resuming R2Z2 from saved next sequence 96807972.
Restarting 'src/server/index.js'
eve-hyte-map listening on http://localhost:3000
Resuming R2Z2 from saved next sequence 96807973.
Restarting 'src/server/index.js'
eve-hyte-map listening on http://localhost:3000
Resuming R2Z2 from saved next sequence 96807975.
Restarting 'src/server/index.js'
eve-hyte-map listening on http://localhost:3000
Resuming R2Z2 from saved next sequence 96807976.
Restarting 'src/server/index.js'
eve-hyte-map listening on http://localhost:3000
Resuming R2Z2 from saved next sequence 96807977.
Restarting 'src/server/index.js'
eve-hyte-map listening on http://localhost:3000
Resuming R2Z2 from saved next sequence 96807978.
Restarting 'src/server/index.js'
eve-hyte-map listening on http://localhost:3000
Resuming R2Z2 from saved next sequence 96807979.
Restarting 'src/server/index.js'
eve-hyte-map listening on http://localhost:3000
Resuming R2Z2 from saved next sequence 96807979.
Restarting 'src/server/index.js'
eve-hyte-map listening on http://localhost:3000
Resuming R2Z2 from saved next sequence 96807980.
Restarting 'src/server/index.js'
eve-hyte-map listening on http://localhost:3000
Resuming R2Z2 from saved next sequence 96807980.
Restarting 'src/server/index.js'
eve-hyte-map listening on http://localhost:3000
Resuming R2Z2 from saved next sequence 96807988.
Restarting 'src/server/index.js'
eve-hyte-map listening on http://localhost:3000
Resuming R2Z2 from saved next sequence 96807988.
Restarting 'src/server/index.js'
eve-hyte-map listening on http://localhost:3000
Resuming R2Z2 from saved next sequence 96807993.
Restarting 'src/server/index.js'
eve-hyte-map listening on http://localhost:3000
Resuming R2Z2 from saved next sequence 96807995.
Restarting 'src/server/index.js'
eve-hyte-map listening on http://localhost:3000
Resuming R2Z2 from saved next sequence 96808001.
Restarting 'src/server/index.js'
eve-hyte-map listening on http://localhost:3000
Resuming R2Z2 from saved next sequence 96808001.
Restarting 'src/server/index.js'
eve-hyte-map listening on http://localhost:3000
Resuming R2Z2 from saved next sequence 96808002.
Restarting 'src/server/index.js'
eve-hyte-map listening on http://localhost:3000
Resuming R2Z2 from saved next sequence 96808002.
Restarting 'src/server/index.js'
eve-hyte-map listening on http://localhost:3000
Resuming R2Z2 from saved next sequence 96808003.
Restarting 'src/server/index.js'
eve-hyte-map listening on http://localhost:3000
Resuming R2Z2 from saved next sequence 96808003.
Restarting 'src/server/index.js'
eve-hyte-map listening on http://localhost:3000
Resuming R2Z2 from saved next sequence 96808004.
Restarting 'src/server/index.js'
eve-hyte-map listening on http://localhost:3000
Resuming R2Z2 from saved next sequence 96808004.
Restarting 'src/server/index.js'
eve-hyte-map listening on http://localhost:3000
Resuming R2Z2 from saved next sequence 96808005.
Restarting 'src/server/index.js'
eve-hyte-map listening on http://localhost:3000
Resuming R2Z2 from saved next sequence 96808006.
Restarting 'src/server/index.js'
eve-hyte-map listening on http://localhost:3000
Resuming R2Z2 from saved next sequence 96808008.
Restarting 'src/server/index.js'
eve-hyte-map listening on http://localhost:3000
Restarting 'src/server/index.js'
eve-hyte-map listening on http://localhost:3000
Resuming R2Z2 from saved next sequence 96808010.
Restarting 'src/server/index.js'
eve-hyte-map listening on http://localhost:3000
Resuming R2Z2 from saved next sequence 96808013.
Restarting 'src/server/index.js'
eve-hyte-map listening on http://localhost:3000
Resuming R2Z2 from saved next sequence 96808014.
Restarting 'src/server/index.js'
eve-hyte-map listening on http://localhost:3000
Restarting 'src/server/index.js'
eve-hyte-map listening on http://localhost:3000
Resuming R2Z2 from saved next sequence 96808015.
Restarting 'src/server/index.js'
eve-hyte-map listening on http://localhost:3000
Resuming R2Z2 from saved next sequence 96808016.
Restarting 'src/server/index.js'
eve-hyte-map listening on http://localhost:3000
Resuming R2Z2 from saved next sequence 96808016.
Restarting 'src/server/index.js'
eve-hyte-map listening on http://localhost:3000
Resuming R2Z2 from saved next sequence 96808018.
Restarting 'src/server/index.js'
eve-hyte-map listening on http://localhost:3000
Resuming R2Z2 from saved next sequence 96808022.
Restarting 'src/server/index.js'
eve-hyte-map listening on http://localhost:3000
Resuming R2Z2 from saved next sequence 96808023.
Restarting 'src/server/index.js'
eve-hyte-map listening on http://localhost:3000
Resuming R2Z2 from saved next sequence 96808025.
Restarting 'src/server/index.js'
eve-hyte-map listening on http://localhost:3000
Resuming R2Z2 from saved next sequence 96808025.
Restarting 'src/server/index.js'
eve-hyte-map listening on http://localhost:3000
Resuming R2Z2 from saved next sequence 96808029.
Restarting 'src/server/index.js'
eve-hyte-map listening on http://localhost:3000
Resuming R2Z2 from saved next sequence 96808030.
Restarting 'src/server/index.js'
eve-hyte-map listening on http://localhost:3000
Resuming R2Z2 from saved next sequence 96808030.
Restarting 'src/server/index.js'
eve-hyte-map listening on http://localhost:3000
Resuming R2Z2 from saved next sequence 96808031.
Restarting 'src/server/index.js'
eve-hyte-map listening on http://localhost:3000
Resuming R2Z2 from saved next sequence 96808031.
Restarting 'src/server/index.js'
eve-hyte-map listening on http://localhost:3000
Resuming R2Z2 from saved next sequence 96808033.
Restarting 'src/server/index.js'
eve-hyte-map listening on http://localhost:3000
Resuming R2Z2 from saved next sequence 96808035.
Restarting 'src/server/index.js'
eve-hyte-map listening on http://localhost:3000
Resuming R2Z2 from saved next sequence 96808036.
Restarting 'src/server/index.js'
eve-hyte-map listening on http://localhost:3000
Resuming R2Z2 from saved next sequence 96808038.
Restarting 'src/server/index.js'
eve-hyte-map listening on http://localhost:3000
Resuming R2Z2 from saved next sequence 96808038.
Restarting 'src/server/index.js'
eve-hyte-map listening on http://localhost:3000
Resuming R2Z2 from saved next sequence 96808038.
Restarting 'src/server/index.js'
eve-hyte-map listening on http://localhost:3000
Resuming R2Z2 from saved next sequence 96808042.
Restarting 'src/server/index.js'
eve-hyte-map listening on http://localhost:3000
Resuming R2Z2 from saved next sequence 96808043.
Restarting 'src/server/index.js'
eve-hyte-map listening on http://localhost:3000
Resuming R2Z2 from saved next sequence 96808047.
Restarting 'src/server/index.js'
eve-hyte-map listening on http://localhost:3000
Resuming R2Z2 from saved next sequence 96808049.
Restarting 'src/server/index.js'
eve-hyte-map listening on http://localhost:3000
Resuming R2Z2 from saved next sequence 96808050.
Restarting 'src/server/index.js'
eve-hyte-map listening on http://localhost:3000
Resuming R2Z2 from saved next sequence 96808051.
Restarting 'src/server/index.js'
eve-hyte-map listening on http://localhost:3000
Resuming R2Z2 from saved next sequence 96808051.
Restarting 'src/server/index.js'
eve-hyte-map listening on http://localhost:3000
Resuming R2Z2 from saved next sequence 96808051.
Restarting 'src/server/index.js'
eve-hyte-map listening on http://localhost:3000
Resuming R2Z2 from saved next sequence 96808052.
Restarting 'src/server/index.js'
eve-hyte-map listening on http://localhost:3000
Resuming R2Z2 from saved next sequence 96808053.
Restarting 'src/server/index.js'
eve-hyte-map listening on http://localhost:3000
Resuming R2Z2 from saved next sequence 96808053.
Restarting 'src/server/index.js'
eve-hyte-map listening on http://localhost:3000
Resuming R2Z2 from saved next sequence 96808060.
Restarting 'src/server/index.js'
eve-hyte-map listening on http://localhost:3000
Resuming R2Z2 from saved next sequence 96808060.
Restarting 'src/server/index.js'
eve-hyte-map listening on http://localhost:3000
Resuming R2Z2 from saved next sequence 96808062.
Restarting 'src/server/index.js'
eve-hyte-map listening on http://localhost:3000
Restarting 'src/server/index.js'
eve-hyte-map listening on http://localhost:3000
Resuming R2Z2 from saved next sequence 96808064.
Restarting 'src/server/index.js'
eve-hyte-map listening on http://localhost:3000
Restarting 'src/server/index.js'
Resuming R2Z2 from saved next sequence 96808065.
eve-hyte-map listening on http://localhost:3000
Resuming R2Z2 from saved next sequence 96808066.
Restarting 'src/server/index.js'
eve-hyte-map listening on http://localhost:3000
Restarting 'src/server/index.js'
eve-hyte-map listening on http://localhost:3000
Restarting 'src/server/index.js'
eve-hyte-map listening on http://localhost:3000
Restarting 'src/server/index.js'
Resuming R2Z2 from saved next sequence 96808069.
eve-hyte-map listening on http://localhost:3000
Restarting 'src/server/index.js'
eve-hyte-map listening on http://localhost:3000
Restarting 'src/server/index.js'
eve-hyte-map listening on http://localhost:3000
Resuming R2Z2 from saved next sequence 96808071.
Restarting 'src/server/index.js'
eve-hyte-map listening on http://localhost:3000
Resuming R2Z2 from saved next sequence 96808097.
Restarting 'src/server/index.js'
eve-hyte-map listening on http://localhost:3000
Resuming R2Z2 from saved next sequence 96808097.
Restarting 'src/server/index.js'
eve-hyte-map listening on http://localhost:3000
Resuming R2Z2 from saved next sequence 96808099.
Restarting 'src/server/index.js'
eve-hyte-map listening on http://localhost:3000
Resuming R2Z2 from saved next sequence 96808102.
Restarting 'src/server/index.js'
eve-hyte-map listening on http://localhost:3000
Resuming R2Z2 from saved next sequence 96808102.
Restarting 'src/server/index.js'
eve-hyte-map listening on http://localhost:3000
Resuming R2Z2 from saved next sequence 96808104.
Restarting 'src/server/index.js'
eve-hyte-map listening on http://localhost:3000
Resuming R2Z2 from saved next sequence 96808106.
Restarting 'src/server/index.js'
eve-hyte-map listening on http://localhost:3000
Resuming R2Z2 from saved next sequence 96808106.
Restarting 'src/server/index.js'
eve-hyte-map listening on http://localhost:3000
Resuming R2Z2 from saved next sequence 96808107.
Restarting 'src/server/index.js'
eve-hyte-map listening on http://localhost:3000
Resuming R2Z2 from saved next sequence 96808108.
Restarting 'src/server/index.js'
eve-hyte-map listening on http://localhost:3000
Resuming R2Z2 from saved next sequence 96808108.
Restarting 'src/server/index.js'
eve-hyte-map listening on http://localhost:3000
Resuming R2Z2 from saved next sequence 96808115.
Restarting 'src/server/index.js'
eve-hyte-map listening on http://localhost:3000
Resuming R2Z2 from saved next sequence 96808119.
Restarting 'src/server/index.js'
eve-hyte-map listening on http://localhost:3000
Resuming R2Z2 from saved next sequence 96808120.
Restarting 'src/server/index.js'
eve-hyte-map listening on http://localhost:3000
Resuming R2Z2 from saved next sequence 96808121.
Restarting 'src/server/index.js'
eve-hyte-map listening on http://localhost:3000
Resuming R2Z2 from saved next sequence 96808122.
Restarting 'src/server/index.js'
eve-hyte-map listening on http://localhost:3000
Resuming R2Z2 from saved next sequence 96808124.
Restarting 'src/server/index.js'
eve-hyte-map listening on http://localhost:3000
Resuming R2Z2 from saved next sequence 96808125.
Restarting 'src/server/index.js'
eve-hyte-map listening on http://localhost:3000
Resuming R2Z2 from saved next sequence 96808125.
Restarting 'src/server/index.js'
eve-hyte-map listening on http://localhost:3000
Resuming R2Z2 from saved next sequence 96808125.
Restarting 'src/server/index.js'
eve-hyte-map listening on http://localhost:3000
Resuming R2Z2 from saved next sequence 96808128.
Restarting 'src/server/index.js'
eve-hyte-map listening on http://localhost:3000
Restarting 'src/server/index.js'
eve-hyte-map listening on http://localhost:3000
Resuming R2Z2 from saved next sequence 96808130.
Restarting 'src/server/index.js'
eve-hyte-map listening on http://localhost:3000
Resuming R2Z2 from saved next sequence 96808131.
Restarting 'src/server/index.js'
eve-hyte-map listening on http://localhost:3000
Resuming R2Z2 from saved next sequence 96808131.
Restarting 'src/server/index.js'
eve-hyte-map listening on http://localhost:3000
Resuming R2Z2 from saved next sequence 96808132.
Restarting 'src/server/index.js'
eve-hyte-map listening on http://localhost:3000
Resuming R2Z2 from saved next sequence 96808135.
Restarting 'src/server/index.js'
eve-hyte-map listening on http://localhost:3000
Resuming R2Z2 from saved next sequence 96808142.
Restarting 'src/server/index.js'
eve-hyte-map listening on http://localhost:3000
Resuming R2Z2 from saved next sequence 96808143.
Restarting 'src/server/index.js'
eve-hyte-map listening on http://localhost:3000
Resuming R2Z2 from saved next sequence 96808158.
Restarting 'src/server/index.js'
eve-hyte-map listening on http://localhost:3000
Resuming R2Z2 from saved next sequence 96808160.
Restarting 'src/server/index.js'
eve-hyte-map listening on http://localhost:3000
Resuming R2Z2 from saved next sequence 96808161.
Restarting 'src/server/index.js'
eve-hyte-map listening on http://localhost:3000
Resuming R2Z2 from saved next sequence 96808161.
Restarting 'src/server/index.js'
eve-hyte-map listening on http://localhost:3000
Resuming R2Z2 from saved next sequence 96808162.
Restarting 'src/server/index.js'
eve-hyte-map listening on http://localhost:3000
Resuming R2Z2 from saved next sequence 96808163.
Restarting 'src/server/index.js'
eve-hyte-map listening on http://localhost:3000
Resuming R2Z2 from saved next sequence 96808163.
Restarting 'src/server/index.js'
eve-hyte-map listening on http://localhost:3000
Resuming R2Z2 from saved next sequence 96808163.
Restarting 'src/server/index.js'
eve-hyte-map listening on http://localhost:3000
Resuming R2Z2 from saved next sequence 96808163.
Restarting 'src/server/index.js'
eve-hyte-map listening on http://localhost:3000
Resuming R2Z2 from saved next sequence 96808163.
Restarting 'src/server/index.js'
eve-hyte-map listening on http://localhost:3000
Resuming R2Z2 from saved next sequence 96808163.
Restarting 'src/server/index.js'
eve-hyte-map listening on http://localhost:3000
Resuming R2Z2 from saved next sequence 96808163.
Restarting 'src/server/index.js'
eve-hyte-map listening on http://localhost:3000
Resuming R2Z2 from saved next sequence 96808163.
Restarting 'src/server/index.js'
eve-hyte-map listening on http://localhost:3000
Resuming R2Z2 from saved next sequence 96808163.
Restarting 'src/server/index.js'
eve-hyte-map listening on http://localhost:3000
Resuming R2Z2 from saved next sequence 96808163.
Restarting 'src/server/index.js'
eve-hyte-map listening on http://localhost:3000
Resuming R2Z2 from saved next sequence 96808163.
Restarting 'src/server/index.js'
eve-hyte-map listening on http://localhost:3000
Resuming R2Z2 from saved next sequence 96808163.
Restarting 'src/server/index.js'
eve-hyte-map listening on http://localhost:3000
Resuming R2Z2 from saved next sequence 96808178.
Restarting 'src/server/index.js'
Restarting 'src/server/index.js'
Restarting 'src/server/index.js'
eve-hyte-map listening on http://localhost:3000
Resuming R2Z2 from saved next sequence 96808179.
Restarting 'src/server/index.js'
eve-hyte-map listening on http://localhost:3000
Restarting 'src/server/index.js'
eve-hyte-map listening on http://localhost:3000
Restarting 'src/server/index.js'
eve-hyte-map listening on http://localhost:3000
Restarting 'src/server/index.js'
eve-hyte-map listening on http://localhost:3000
Restarting 'src/server/index.js'
Restarting 'src/server/index.js'
eve-hyte-map listening on http://localhost:3000
Restarting 'src/server/index.js'
eve-hyte-map listening on http://localhost:3000
Restarting 'src/server/index.js'
eve-hyte-map listening on http://localhost:3000
Resuming R2Z2 from saved next sequence 96808189.
Restarting 'src/server/index.js'
eve-hyte-map listening on http://localhost:3000
Restarting 'src/server/index.js'
eve-hyte-map listening on http://localhost:3000
Resuming R2Z2 from saved next sequence 96808197.
Restarting 'src/server/index.js'
eve-hyte-map listening on http://localhost:3000
Restarting 'src/server/index.js'
eve-hyte-map listening on http://localhost:3000
Restarting 'src/server/index.js'
eve-hyte-map listening on http://localhost:3000
Restarting 'src/server/index.js'
eve-hyte-map listening on http://localhost:3000
Restarting 'src/server/index.js'
eve-hyte-map listening on http://localhost:3000
Restarting 'src/server/index.js'
eve-hyte-map listening on http://localhost:3000
Restarting 'src/server/index.js'
eve-hyte-map listening on http://localhost:3000
Restarting 'src/server/index.js'
eve-hyte-map listening on http://localhost:3000
Restarting 'src/server/index.js'
eve-hyte-map listening on http://localhost:3000
Restarting 'src/server/index.js'
eve-hyte-map listening on http://localhost:3000
Restarting 'src/server/index.js'
eve-hyte-map listening on http://localhost:3000
Resuming R2Z2 from saved next sequence 96808209.
Restarting 'src/server/index.js'
eve-hyte-map listening on http://localhost:3000
Resuming R2Z2 from saved next sequence 96808213.
Restarting 'src/server/index.js'
eve-hyte-map listening on http://localhost:3000
Restarting 'src/server/index.js'
eve-hyte-map listening on http://localhost:3000
Restarting 'src/server/index.js'
eve-hyte-map listening on http://localhost:3000
Restarting 'src/server/index.js'
Restarting 'src/server/index.js'
Restarting 'src/server/index.js'
eve-hyte-map listening on http://localhost:3000
Restarting 'src/server/index.js'
eve-hyte-map listening on http://localhost:3000
Restarting 'src/server/index.js'
eve-hyte-map listening on http://localhost:3000
Restarting 'src/server/index.js'
eve-hyte-map listening on http://localhost:3000
Resuming R2Z2 from saved next sequence 96808247.
Restarting 'src/server/index.js'
eve-hyte-map listening on http://localhost:3000
Restarting 'src/server/index.js'
Failed running 'src/server/index.js'
Restarting 'src/server/index.js'
Failed running 'src/server/index.js'
Restarting 'src/server/index.js'
eve-hyte-map listening on http://localhost:3000
Restarting 'src/server/index.js'
eve-hyte-map listening on http://localhost:3000
Restarting 'src/server/index.js'
eve-hyte-map listening on http://localhost:3000
Restarting 'src/server/index.js'
eve-hyte-map listening on http://localhost:3000
Restarting 'src/server/index.js'
eve-hyte-map listening on http://localhost:3000
Restarting 'src/server/index.js'
Restarting 'src/server/index.js'
Restarting 'src/server/index.js'
eve-hyte-map listening on http://localhost:3000
Restarting 'src/server/index.js'
Restarting 'src/server/index.js'
eve-hyte-map listening on http://localhost:3000
Restarting 'src/server/index.js'
eve-hyte-map listening on http://localhost:3000
Resuming R2Z2 from saved next sequence 96808303.
Restarting 'src/server/index.js'
eve-hyte-map listening on http://localhost:3000
Failed running 'src/server/index.js'
